[2016-09-30 19:32:53] main.ERROR: SQL error: You have an error in your SQL syntax; check the manual that corresponds to your MariaDB server version for the right syntax to use near '** FROM todoitems' at line 1 [] []
[2016-09-30 19:32:53] main.ERROR:  in query: SELECT *** FROM todoitems [] []
[2016-09-30 19:33:05] main.ERROR: SQL error: You have an error in your SQL syntax; check the manual that corresponds to your MariaDB server version for the right syntax to use near '** FROM todoitems' at line 1 [] []
[2016-09-30 19:33:05] main.ERROR:  in query: SELECT *** FROM todoitems [] []
[2016-10-03 17:55:53] main.ERROR: Database error: Unable to connect to MySQL server! Error: Access denied for user 'todorest'@'localhost' (using password: YES) [] []
[2016-10-03 17:58:30] main.ERROR: Database error: Unable to connect to MySQL server! Error: Access denied for user 'todorest'@'localhost' (using password: YES) [] []
[2016-10-03 18:00:38] main.ERROR: Database error: Unable to connect to MySQL server! Error: Access denied for user 'todorest'@'localhost' (using password: YES) [] []
[2016-10-04 14:48:59] main.ERROR: Database error: Unable to connect to MySQL server! Error: Access denied for user 'todorest'@'localhost' (using password: YES) [] []
[2016-10-04 14:49:50] main.ERROR: Database error: Unable to connect to MySQL server! Error: Access denied for user 'todorest'@'localhost' (using password: YES) [] []
[2016-10-04 17:51:48] main.ERROR: SQL error: Cannot add or update a child row: a foreign key constraint fails (`restfultodo`.`todoitems`, CONSTRAINT `todoitems_ibfk_1` FOREIGN KEY (`userID`) REFERENCES `users` (`ID`)) [] []
[2016-10-04 17:51:48] main.ERROR:  in query: INSERT INTO `todoitems` (`title`,`dueDate`,`isDone`) VALUES ('Charlie Chaplin rocks!', '2016-10-18', 'false') [] []
[2016-10-04 17:51:53] main.ERROR: SQL error: Cannot add or update a child row: a foreign key constraint fails (`restfultodo`.`todoitems`, CONSTRAINT `todoitems_ibfk_1` FOREIGN KEY (`userID`) REFERENCES `users` (`ID`)) [] []
[2016-10-04 17:51:53] main.ERROR:  in query: INSERT INTO `todoitems` (`title`,`dueDate`,`isDone`) VALUES ('Charlie Chaplin rocks!', '2016-10-18', 'false') [] []
[2016-10-04 17:54:22] main.ERROR: SQL error: Cannot add or update a child row: a foreign key constraint fails (`restfultodo`.`todoitems`, CONSTRAINT `todoitems_ibfk_1` FOREIGN KEY (`userID`) REFERENCES `users` (`ID`)) [] []
[2016-10-04 17:54:22] main.ERROR:  in query: INSERT INTO `todoitems` (`title`,`dueDate`,`isDone`) VALUES ('Celebrate', '2016-10-19', 'false') [] []
[2016-10-04 18:21:19] main.DEBUG: BASIC auth failed for user [] []
[2016-10-04 18:21:19] main.DEBUG: BASIC auth failed for user [] []
[2016-10-04 18:22:14] main.DEBUG: BASIC auth failed for user [] []
[2016-10-04 18:22:14] main.DEBUG: BASIC auth failed for user [] []
[2016-10-04 18:22:38] main.DEBUG: BASIC auth failed for user [] []
[2016-10-04 18:22:38] main.DEBUG: BASIC auth failed for user [] []
[2016-10-04 18:23:34] main.DEBUG: BASIC auth failed for user [] []
[2016-10-04 18:23:34] main.DEBUG: BASIC auth failed for user [] []
[2016-10-04 18:24:10] main.DEBUG: BASIC auth failed for user [] []
[2016-10-04 18:24:10] main.DEBUG: BASIC auth failed for user [] []
[2016-10-04 18:25:21] main.DEBUG: BASIC auth failed for user [] []
[2016-10-04 18:31:31] main.DEBUG: BASIC auth failed for user [] []
[2016-10-04 18:31:31] main.DEBUG: BASIC auth failed for user [] []
[2016-10-04 19:11:51] main.DEBUG: BASIC auth failed for user [] []
[2016-10-04 19:11:51] main.DEBUG: BASIC auth failed for userbuster.keaton@yahoo.com [] []
[2016-10-04 19:12:10] main.DEBUG: BASIC auth failed for user [] []
[2016-10-04 19:16:05] main.DEBUG: POST /todoitems verification failed: Invalid number of fields in data provided. [] []
[2016-10-04 19:16:21] main.DEBUG: POST /todoitems verification failed: Invalid number of fields in data provided. [] []
[2016-10-04 19:18:13] main.DEBUG: POST /todoitems verification failed: Invalid number of fields in data provided. [] []
[2016-10-04 19:18:28] main.DEBUG: POST /todoitems verification failed: Invalid number of fields in data provided. [] []
